20:29:47.239 [main] INFO  org.testng.internal.Utils - [Utils] MethodGroupsHelper.collectMethodsByGroup() took 1 ms.
20:29:47.245 [main] INFO  org.testng.internal.Utils - [Utils] MethodGroupsHelper.sortMethods() took 1 ms.
20:29:47.246 [main] INFO  org.testng.internal.Utils - [Utils] MethodGroupsHelper.collectMethodsByGroup() took 0 ms.
20:29:47.247 [main] INFO  org.testng.internal.Utils - [Utils] MethodGroupsHelper.sortMethods() took 1 ms.
20:29:47.247 [main] INFO  org.testng.internal.Utils - [Utils] MethodGroupsHelper.collectMethodsByGroup() took 0 ms.
20:29:47.247 [main] INFO  org.testng.internal.Utils - [Utils] MethodGroupsHelper.sortMethods() took 0 ms.
20:29:47.248 [main] INFO  org.testng.internal.Utils - [Utils] MethodGroupsHelper.collectMethodsByGroup() took 0 ms.
20:29:47.248 [main] INFO  org.testng.internal.Utils - [Utils] MethodGroupsHelper.sortMethods() took 0 ms.
20:29:47.257 [main] INFO  org.testng.internal.Utils - [Utils] MethodGroupsHelper.collectMethodsByGroup() took 7 ms.
20:29:47.272 [main] INFO  org.testng.internal.Utils - [Utils] MethodGroupsHelper.sortMethods() took 14 ms.
20:29:47.274 [main] INFO  org.testng.internal.Utils - [Utils] MethodGroupsHelper.collectMethodsByGroup() took 0 ms.
20:29:47.275 [main] INFO  org.testng.internal.Utils - [Utils] MethodGroupsHelper.sortMethods() took 1 ms.
20:29:47.275 [main] INFO  org.testng.internal.Utils - [Utils] MethodGroupsHelper.collectMethodsByGroup() took 0 ms.
20:29:47.275 [main] INFO  org.testng.internal.Utils - [Utils] MethodGroupsHelper.sortMethods() took 0 ms.
20:29:47.276 [main] INFO  org.testng.internal.Utils - [Utils] MethodGroupsHelper.collectMethodsByGroup() took 0 ms.
20:29:47.276 [main] INFO  org.testng.internal.Utils - [Utils] MethodGroupsHelper.sortMethods() took 0 ms.
20:29:47.278 [main] INFO  org.testng.internal.Utils - [Utils] MethodGroupsHelper.collectMethodsByGroup() took 0 ms.
20:29:47.278 [main] INFO  org.testng.internal.Utils - [Utils] MethodGroupsHelper.sortMethods() took 0 ms.
20:29:47.279 [main] INFO  org.testng.internal.Utils - [Utils] MethodGroupsHelper.collectMethodsByGroup() took 0 ms.
20:29:47.279 [main] INFO  org.testng.internal.Utils - [Utils] MethodGroupsHelper.sortMethods() took 0 ms.
20:29:47.283 [main] INFO  org.testng.internal.Utils - [Utils] MethodGroupsHelper.collectMethodsByGroup() took 0 ms.
20:29:47.283 [main] INFO  org.testng.internal.Utils - [Utils] MethodGroupsHelper.sortMethods() took 0 ms.
20:29:47.285 [main] INFO  org.testng.internal.Utils - [Utils] MethodGroupsHelper.collectMethodsByGroup() took 0 ms.
20:29:47.285 [main] INFO  org.testng.internal.Utils - [Utils] MethodGroupsHelper.sortMethods() took 0 ms.
20:29:47.286 [main] INFO  org.testng.internal.Utils - [Utils] MethodGroupsHelper.collectMethodsByGroup() took 0 ms.
20:29:47.287 [main] INFO  org.testng.internal.Utils - [Utils] MethodGroupsHelper.sortMethods() took 0 ms.
20:29:47.290 [main] INFO  org.testng.internal.Utils - [Utils] MethodGroupsHelper.collectMethodsByGroup() took 0 ms.
20:29:47.290 [main] INFO  org.testng.internal.Utils - [Utils] MethodGroupsHelper.sortMethods() took 0 ms.
20:29:47.290 [main] INFO  org.testng.internal.Utils - [Utils] MethodGroupsHelper.collectMethodsByGroup() took 0 ms.
20:29:47.291 [main] INFO  org.testng.internal.Utils - [Utils] MethodGroupsHelper.sortMethods() took 0 ms.
20:29:47.299 [main] INFO  org.testng.internal.Utils - [TestNG] Running:
  C:\Users\Avinash Tiwari\AppData\Local\Temp\testng-eclipse-1782581104\testng-customsuite.xml

20:29:47.327 [main] INFO  org.testng.internal.Utils - [Utils] DynamicGraphHelper.createDynamicGraph() took 7 ms.
20:29:52.117 [main] INFO  testCases.TC001_AccountRegistrationTest - ***** Starting TC001_AccountRegistrationTest *****
20:29:52.314 [main] INFO  testCases.TC001_AccountRegistrationTest - ***** Clicked My Account Link *****
20:29:52.821 [main] INFO  testCases.TC001_AccountRegistrationTest - ***** Clicked Register Link *****
20:29:53.681 [main] INFO  testCases.TC001_AccountRegistrationTest - ***** Entered User Info to Register *****
20:29:53.807 [main] INFO  testCases.TC001_AccountRegistrationTest - ***** Clicked Privacy Policy Chekbox *****
20:29:54.872 [main] INFO  testCases.TC001_AccountRegistrationTest - ***** Clicked Submit/Continue Button *****
20:29:54.945 [main] INFO  testCases.TC001_AccountRegistrationTest - ***** Verified Account Creation Message *****
20:29:54.945 [main] INFO  testCases.TC001_AccountRegistrationTest - ***** Finished TC001_AccountRegistrationTest *****
20:29:55.655 [main] INFO  org.testng.internal.Utils - [TestNG] Time taken by org.testng.reporters.jq.Main@153f66e7: 164 ms
20:29:55.657 [main] INFO  org.testng.internal.Utils - [TestNG] Time taken by org.testng.reporters.FailedReporter@566d0c69: 2 ms
20:29:55.676 [main] INFO  org.testng.internal.Utils - [TestNG] Time taken by org.testng.reporters.XMLReporter@4e4c3a38: 18 ms
20:29:55.695 [main] INFO  org.testng.internal.Utils - [TestNG] Time taken by org.testng.reporters.EmailableReporter2@2c16fadb: 19 ms
20:29:55.711 [main] INFO  org.testng.internal.Utils - [TestNG] Time taken by org.testng.reporters.JUnitReportReporter@15fa55a6: 16 ms
20:29:55.711 [main] INFO  org.testng.internal.Utils - [TestNG] Time taken by org.testng.internal.ExitCodeListener@4f186450: 0 ms
01:54:14.853 [main] INFO  org.testng.internal.Utils - [TestNG] Running:
  C:\Users\Avinash Tiwari\Documents\Automation\OpenCart\master.xml

01:54:25.203 [main] INFO  testCases.TC001_AccountRegistrationTest - ***** Starting TC001_AccountRegistrationTest *****
01:54:26.342 [main] INFO  testCases.TC001_AccountRegistrationTest - ***** Clicked My Account Link *****
01:54:30.832 [main] INFO  testCases.TC001_AccountRegistrationTest - ***** Clicked Register Link *****
01:54:31.966 [main] INFO  testCases.TC001_AccountRegistrationTest - ***** Entered User Info to Register *****
01:54:32.125 [main] INFO  testCases.TC001_AccountRegistrationTest - ***** Clicked Privacy Policy Chekbox *****
01:54:33.466 [main] INFO  testCases.TC001_AccountRegistrationTest - ***** Clicked Submit/Continue Button *****
01:54:33.574 [main] INFO  testCases.TC001_AccountRegistrationTest - ***** Verified Account Creation Message *****
01:54:33.574 [main] INFO  testCases.TC001_AccountRegistrationTest - ***** Finished TC001_AccountRegistrationTest *****
01:54:57.254 [main] INFO  org.testng.internal.Utils - [TestNG] Running:
  C:\Users\Avinash Tiwari\Documents\Automation\OpenCart\master.xml

01:55:05.656 [main] INFO  testCases.TC001_AccountRegistrationTest - ***** Starting TC001_AccountRegistrationTest *****
01:55:06.619 [main] INFO  testCases.TC001_AccountRegistrationTest - ***** Clicked My Account Link *****
01:55:07.405 [main] INFO  testCases.TC001_AccountRegistrationTest - ***** Clicked Register Link *****
01:55:10.037 [main] INFO  testCases.TC001_AccountRegistrationTest - ***** Entered User Info to Register *****
01:55:10.194 [main] INFO  testCases.TC001_AccountRegistrationTest - ***** Clicked Privacy Policy Chekbox *****
01:55:11.230 [main] INFO  testCases.TC001_AccountRegistrationTest - ***** Clicked Submit/Continue Button *****
01:55:11.311 [main] INFO  testCases.TC001_AccountRegistrationTest - ***** Verified Account Creation Message *****
01:55:11.311 [main] INFO  testCases.TC001_AccountRegistrationTest - ***** Finished TC001_AccountRegistrationTest *****
01:55:40.789 [main] INFO  org.testng.internal.Utils - [TestNG] Running:
  C:\Users\Avinash Tiwari\Documents\Automation\OpenCart\master.xml

01:55:45.322 [main] INFO  testCases.TC001_AccountRegistrationTest - ***** Starting TC001_AccountRegistrationTest *****
01:55:45.488 [main] INFO  testCases.TC001_AccountRegistrationTest - ***** Clicked My Account Link *****
01:55:45.982 [main] INFO  testCases.TC001_AccountRegistrationTest - ***** Clicked Register Link *****
01:55:47.261 [main] INFO  testCases.TC001_AccountRegistrationTest - ***** Entered User Info to Register *****
01:55:47.437 [main] INFO  testCases.TC001_AccountRegistrationTest - ***** Clicked Privacy Policy Chekbox *****
01:55:48.618 [main] INFO  testCases.TC001_AccountRegistrationTest - ***** Clicked Submit/Continue Button *****
01:55:48.699 [main] INFO  testCases.TC001_AccountRegistrationTest - ***** Verified Account Creation Message *****
01:55:48.699 [main] INFO  testCases.TC001_AccountRegistrationTest - ***** Finished TC001_AccountRegistrationTest *****
01:57:06.375 [main] INFO  org.testng.internal.Utils - [TestNG] Running:
  C:\Users\Avinash Tiwari\Documents\Automation\OpenCart\master.xml

01:57:12.038 [main] INFO  testCases.TC001_AccountRegistrationTest - ***** Starting TC001_AccountRegistrationTest *****
01:57:12.170 [main] INFO  testCases.TC001_AccountRegistrationTest - ***** Clicked My Account Link *****
01:57:12.689 [main] INFO  testCases.TC001_AccountRegistrationTest - ***** Clicked Register Link *****
01:57:14.269 [main] INFO  testCases.TC001_AccountRegistrationTest - ***** Entered User Info to Register *****
01:57:14.421 [main] INFO  testCases.TC001_AccountRegistrationTest - ***** Clicked Privacy Policy Chekbox *****
01:57:15.400 [main] INFO  testCases.TC001_AccountRegistrationTest - ***** Clicked Submit/Continue Button *****
01:57:15.474 [main] INFO  testCases.TC001_AccountRegistrationTest - ***** Verified Account Creation Message *****
01:57:15.474 [main] INFO  testCases.TC001_AccountRegistrationTest - ***** Finished TC001_AccountRegistrationTest *****
01:57:48.469 [main] INFO  org.testng.internal.Utils - [TestNG] Running:
  C:\Users\Avinash Tiwari\Documents\Automation\OpenCart\master.xml

01:57:52.238 [main] INFO  testCases.TC001_AccountRegistrationTest - ***** Starting TC001_AccountRegistrationTest *****
01:57:52.386 [main] INFO  testCases.TC001_AccountRegistrationTest - ***** Clicked My Account Link *****
01:57:52.858 [main] INFO  testCases.TC001_AccountRegistrationTest - ***** Clicked Register Link *****
01:57:53.514 [main] INFO  testCases.TC001_AccountRegistrationTest - ***** Entered User Info to Register *****
01:57:53.623 [main] INFO  testCases.TC001_AccountRegistrationTest - ***** Clicked Privacy Policy Chekbox *****
01:57:54.654 [main] INFO  testCases.TC001_AccountRegistrationTest - ***** Clicked Submit/Continue Button *****
01:57:54.715 [main] INFO  testCases.TC001_AccountRegistrationTest - ***** Verified Account Creation Message *****
01:57:54.716 [main] INFO  testCases.TC001_AccountRegistrationTest - ***** Finished TC001_AccountRegistrationTest *****
02:01:54.198 [main] INFO  org.testng.internal.Utils - [TestNG] Running:
  C:\Users\Avinash Tiwari\Documents\Automation\OpenCart\crossBrowserTesting.xml

02:02:01.768 [main] INFO  testCases.TC001_AccountRegistrationTest - ***** Starting TC001_AccountRegistrationTest *****
02:02:02.090 [main] INFO  testCases.TC001_AccountRegistrationTest - ***** Clicked My Account Link *****
02:02:03.013 [main] INFO  testCases.TC001_AccountRegistrationTest - ***** Clicked Register Link *****
02:02:04.433 [main] INFO  testCases.TC001_AccountRegistrationTest - ***** Entered User Info to Register *****
02:02:04.673 [main] INFO  testCases.TC001_AccountRegistrationTest - ***** Clicked Privacy Policy Chekbox *****
02:02:06.009 [main] INFO  testCases.TC001_AccountRegistrationTest - ***** Clicked Submit/Continue Button *****
02:02:06.114 [main] INFO  testCases.TC001_AccountRegistrationTest - ***** Verified Account Creation Message *****
02:02:06.115 [main] INFO  testCases.TC001_AccountRegistrationTest - ***** Finished TC001_AccountRegistrationTest *****
02:02:13.080 [main] INFO  testCases.TC001_AccountRegistrationTest - ***** Starting TC001_AccountRegistrationTest *****
02:02:13.233 [main] INFO  testCases.TC001_AccountRegistrationTest - ***** Clicked My Account Link *****
02:02:13.723 [main] INFO  testCases.TC001_AccountRegistrationTest - ***** Clicked Register Link *****
02:02:14.743 [main] INFO  testCases.TC001_AccountRegistrationTest - ***** Entered User Info to Register *****
02:02:14.822 [main] INFO  testCases.TC001_AccountRegistrationTest - ***** Clicked Privacy Policy Chekbox *****
02:02:15.331 [main] INFO  testCases.TC001_AccountRegistrationTest - ***** Clicked Submit/Continue Button *****
02:02:16.117 [main] INFO  testCases.TC001_AccountRegistrationTest - ***** Verified Account Creation Message *****
02:02:16.117 [main] INFO  testCases.TC001_AccountRegistrationTest - ***** Finished TC001_AccountRegistrationTest *****
02:04:51.683 [main] INFO  org.testng.internal.Utils - [TestNG] Running:
  C:\Users\Avinash Tiwari\Documents\Automation\OpenCart\crossBrowserTesting.xml

02:04:57.591 [main] INFO  testCases.TC001_AccountRegistrationTest - ***** Starting TC001_AccountRegistrationTest *****
02:04:57.998 [main] INFO  testCases.TC001_AccountRegistrationTest - ***** Clicked My Account Link *****
02:04:58.813 [main] INFO  testCases.TC001_AccountRegistrationTest - ***** Clicked Register Link *****
02:05:03.583 [main] INFO  testCases.TC001_AccountRegistrationTest - ***** Entered User Info to Register *****
02:05:03.723 [main] INFO  testCases.TC001_AccountRegistrationTest - ***** Clicked Privacy Policy Chekbox *****
02:05:07.218 [main] INFO  testCases.TC001_AccountRegistrationTest - ***** Clicked Submit/Continue Button *****
02:05:07.331 [main] INFO  testCases.TC001_AccountRegistrationTest - ***** Verified Account Creation Message *****
02:05:07.331 [main] INFO  testCases.TC001_AccountRegistrationTest - ***** Finished TC001_AccountRegistrationTest *****
02:05:12.725 [main] INFO  testCases.TC001_AccountRegistrationTest - ***** Starting TC001_AccountRegistrationTest *****
02:05:13.116 [main] INFO  testCases.TC001_AccountRegistrationTest - ***** Clicked My Account Link *****
02:05:13.796 [main] INFO  testCases.TC001_AccountRegistrationTest - ***** Clicked Register Link *****
02:05:26.157 [main] INFO  testCases.TC001_AccountRegistrationTest - ***** Entered User Info to Register *****
02:05:26.258 [main] INFO  testCases.TC001_AccountRegistrationTest - ***** Clicked Privacy Policy Chekbox *****
02:05:27.381 [main] INFO  testCases.TC001_AccountRegistrationTest - ***** Clicked Submit/Continue Button *****
02:05:47.557 [main] INFO  testCases.TC001_AccountRegistrationTest - ***** Starting TC001_AccountRegistrationTest *****
02:05:47.850 [main] INFO  testCases.TC001_AccountRegistrationTest - ***** Clicked My Account Link *****
02:05:48.424 [main] INFO  testCases.TC001_AccountRegistrationTest - ***** Clicked Register Link *****
02:05:48.836 [main] INFO  testCases.TC001_AccountRegistrationTest - ***** Entered User Info to Register *****
02:05:48.932 [main] INFO  testCases.TC001_AccountRegistrationTest - ***** Clicked Privacy Policy Chekbox *****
02:05:49.231 [main] INFO  testCases.TC001_AccountRegistrationTest - ***** Clicked Submit/Continue Button *****
02:05:50.037 [main] INFO  testCases.TC001_AccountRegistrationTest - ***** Verified Account Creation Message *****
02:05:50.037 [main] INFO  testCases.TC001_AccountRegistrationTest - ***** Finished TC001_AccountRegistrationTest *****
02:06:21.431 [main] INFO  org.testng.internal.Utils - [TestNG] Running:
  C:\Users\Avinash Tiwari\Documents\Automation\OpenCart\crossBrowserTesting.xml

02:06:28.867 [TestNG-tests-2] INFO  testCases.TC001_AccountRegistrationTest - ***** Starting TC001_AccountRegistrationTest *****
02:06:29.739 [TestNG-tests-1] INFO  testCases.TC001_AccountRegistrationTest - ***** Starting TC001_AccountRegistrationTest *****
02:06:30.259 [TestNG-tests-1] INFO  testCases.TC001_AccountRegistrationTest - ***** Clicked My Account Link *****
02:06:30.299 [TestNG-tests-2] INFO  testCases.TC001_AccountRegistrationTest - ***** Clicked My Account Link *****
02:06:31.368 [TestNG-tests-1] INFO  testCases.TC001_AccountRegistrationTest - ***** Clicked Register Link *****
02:06:31.409 [TestNG-tests-2] INFO  testCases.TC001_AccountRegistrationTest - ***** Clicked Register Link *****
02:06:33.899 [TestNG-tests-1] INFO  testCases.TC001_AccountRegistrationTest - ***** Entered User Info to Register *****
02:06:34.244 [TestNG-tests-2] INFO  testCases.TC001_AccountRegistrationTest - ***** Entered User Info to Register *****
02:06:34.433 [TestNG-tests-1] INFO  testCases.TC001_AccountRegistrationTest - ***** Clicked Privacy Policy Chekbox *****
02:06:34.547 [TestNG-tests-2] INFO  testCases.TC001_AccountRegistrationTest - ***** Clicked Privacy Policy Chekbox *****
02:06:36.467 [TestNG-tests-1] INFO  testCases.TC001_AccountRegistrationTest - ***** Clicked Submit/Continue Button *****
02:06:36.535 [TestNG-tests-2] INFO  testCases.TC001_AccountRegistrationTest - ***** Clicked Submit/Continue Button *****
02:06:36.682 [TestNG-tests-2] INFO  testCases.TC001_AccountRegistrationTest - ***** Verified Account Creation Message *****
02:06:36.682 [TestNG-tests-2] INFO  testCases.TC001_AccountRegistrationTest - ***** Finished TC001_AccountRegistrationTest *****
02:06:36.884 [TestNG-tests-1] INFO  testCases.TC001_AccountRegistrationTest - ***** Verified Account Creation Message *****
02:06:36.884 [TestNG-tests-1] INFO  testCases.TC001_AccountRegistrationTest - ***** Finished TC001_AccountRegistrationTest *****
02:06:40.431 [TestNG-tests-3] INFO  testCases.TC001_AccountRegistrationTest - ***** Starting TC001_AccountRegistrationTest *****
02:06:40.593 [TestNG-tests-3] INFO  testCases.TC001_AccountRegistrationTest - ***** Clicked My Account Link *****
02:06:41.126 [TestNG-tests-3] INFO  testCases.TC001_AccountRegistrationTest - ***** Clicked Register Link *****
02:06:41.575 [TestNG-tests-3] INFO  testCases.TC001_AccountRegistrationTest - ***** Entered User Info to Register *****
02:06:41.699 [TestNG-tests-3] INFO  testCases.TC001_AccountRegistrationTest - ***** Clicked Privacy Policy Chekbox *****
02:06:41.943 [TestNG-tests-3] INFO  testCases.TC001_AccountRegistrationTest - ***** Clicked Submit/Continue Button *****
02:06:42.964 [TestNG-tests-3] INFO  testCases.TC001_AccountRegistrationTest - ***** Verified Account Creation Message *****
02:06:42.964 [TestNG-tests-3] INFO  testCases.TC001_AccountRegistrationTest - ***** Finished TC001_AccountRegistrationTest *****
02:19:41.402 [main] INFO  org.testng.internal.Utils - [TestNG] Running:
  C:\Users\Avinash Tiwari\Documents\Automation\OpenCart\master.xml

02:19:46.502 [main] INFO  testCases.TC001_AccountRegistrationTest - ***** Starting TC001_AccountRegistrationTest *****
02:19:46.696 [main] INFO  testCases.TC001_AccountRegistrationTest - ***** Clicked My Account Link *****
02:19:47.233 [main] INFO  testCases.TC001_AccountRegistrationTest - ***** Clicked Register Link *****
02:19:47.925 [main] INFO  testCases.TC001_AccountRegistrationTest - ***** Entered User Info to Register *****
02:19:48.022 [main] INFO  testCases.TC001_AccountRegistrationTest - ***** Clicked Privacy Policy Chekbox *****
02:19:49.096 [main] INFO  testCases.TC001_AccountRegistrationTest - ***** Clicked Submit/Continue Button *****
02:19:49.171 [main] INFO  testCases.TC001_AccountRegistrationTest - ***** Verified Account Creation Message *****
02:19:49.171 [main] INFO  testCases.TC001_AccountRegistrationTest - ***** Finished TC001_AccountRegistrationTest *****
02:20:17.851 [main] INFO  org.testng.internal.Utils - [TestNG] Running:
  C:\Users\Avinash Tiwari\Documents\Automation\OpenCart\crossBrowserTesting.xml

02:20:28.481 [TestNG-tests-1] INFO  testCases.TC001_AccountRegistrationTest - ***** Starting TC001_AccountRegistrationTest *****
02:20:28.944 [TestNG-tests-1] INFO  testCases.TC001_AccountRegistrationTest - ***** Clicked My Account Link *****
02:20:29.981 [TestNG-tests-1] INFO  testCases.TC001_AccountRegistrationTest - ***** Clicked Register Link *****
02:20:30.881 [TestNG-tests-2] INFO  testCases.TC001_AccountRegistrationTest - ***** Starting TC001_AccountRegistrationTest *****
02:20:33.084 [TestNG-tests-2] INFO  testCases.TC001_AccountRegistrationTest - ***** Clicked My Account Link *****
02:20:34.527 [TestNG-tests-2] INFO  testCases.TC001_AccountRegistrationTest - ***** Clicked Register Link *****
02:20:34.945 [TestNG-tests-1] INFO  testCases.TC001_AccountRegistrationTest - ***** Entered User Info to Register *****
02:20:36.343 [TestNG-tests-1] INFO  testCases.TC001_AccountRegistrationTest - ***** Clicked Privacy Policy Chekbox *****
02:20:38.363 [TestNG-tests-1] INFO  testCases.TC001_AccountRegistrationTest - ***** Clicked Submit/Continue Button *****
02:20:38.857 [TestNG-tests-1] INFO  testCases.TC001_AccountRegistrationTest - ***** Verified Account Creation Message *****
02:20:38.859 [TestNG-tests-1] INFO  testCases.TC001_AccountRegistrationTest - ***** Finished TC001_AccountRegistrationTest *****
02:20:39.755 [TestNG-tests-2] INFO  testCases.TC001_AccountRegistrationTest - ***** Entered User Info to Register *****
02:20:40.292 [TestNG-tests-2] INFO  testCases.TC001_AccountRegistrationTest - ***** Clicked Privacy Policy Chekbox *****
02:20:42.488 [TestNG-tests-2] INFO  testCases.TC001_AccountRegistrationTest - ***** Clicked Submit/Continue Button *****
02:20:42.810 [TestNG-tests-2] INFO  testCases.TC001_AccountRegistrationTest - ***** Verified Account Creation Message *****
02:20:42.811 [TestNG-tests-2] INFO  testCases.TC001_AccountRegistrationTest - ***** Finished TC001_AccountRegistrationTest *****
02:20:49.836 [TestNG-tests-3] INFO  testCases.TC001_AccountRegistrationTest - ***** Starting TC001_AccountRegistrationTest *****
02:20:50.327 [TestNG-tests-3] INFO  testCases.TC001_AccountRegistrationTest - ***** Clicked My Account Link *****
02:20:51.088 [TestNG-tests-3] INFO  testCases.TC001_AccountRegistrationTest - ***** Clicked Register Link *****
02:20:51.554 [TestNG-tests-3] INFO  testCases.TC001_AccountRegistrationTest - ***** Entered User Info to Register *****
02:20:51.674 [TestNG-tests-3] INFO  testCases.TC001_AccountRegistrationTest - ***** Clicked Privacy Policy Chekbox *****
02:20:52.125 [TestNG-tests-3] INFO  testCases.TC001_AccountRegistrationTest - ***** Clicked Submit/Continue Button *****
02:20:52.965 [TestNG-tests-3] INFO  testCases.TC001_AccountRegistrationTest - ***** Verified Account Creation Message *****
02:20:52.966 [TestNG-tests-3] INFO  testCases.TC001_AccountRegistrationTest - ***** Finished TC001_AccountRegistrationTest *****
16:57:44.295 [main] INFO  org.testng.internal.Utils - [Utils] MethodGroupsHelper.collectMethodsByGroup() took 0 ms.
16:57:44.301 [main] INFO  org.testng.internal.Utils - [Utils] MethodGroupsHelper.sortMethods() took 1 ms.
16:57:44.303 [main] INFO  org.testng.internal.Utils - [Utils] MethodGroupsHelper.collectMethodsByGroup() took 0 ms.
16:57:44.303 [main] INFO  org.testng.internal.Utils - [Utils] MethodGroupsHelper.sortMethods() took 0 ms.
16:57:44.305 [main] INFO  org.testng.internal.Utils - [Utils] MethodGroupsHelper.collectMethodsByGroup() took 0 ms.
16:57:44.305 [main] INFO  org.testng.internal.Utils - [Utils] MethodGroupsHelper.sortMethods() took 0 ms.
16:57:44.305 [main] INFO  org.testng.internal.Utils - [Utils] MethodGroupsHelper.collectMethodsByGroup() took 0 ms.
16:57:44.305 [main] INFO  org.testng.internal.Utils - [Utils] MethodGroupsHelper.sortMethods() took 0 ms.
16:57:44.312 [main] INFO  org.testng.internal.Utils - [Utils] MethodGroupsHelper.collectMethodsByGroup() took 5 ms.
16:57:44.323 [main] INFO  org.testng.internal.Utils - [Utils] MethodGroupsHelper.sortMethods() took 9 ms.
16:57:44.324 [main] INFO  org.testng.internal.Utils - [Utils] MethodGroupsHelper.collectMethodsByGroup() took 0 ms.
16:57:44.325 [main] INFO  org.testng.internal.Utils - [Utils] MethodGroupsHelper.sortMethods() took 1 ms.
16:57:44.327 [main] INFO  org.testng.internal.Utils - [Utils] MethodGroupsHelper.collectMethodsByGroup() took 0 ms.
16:57:44.327 [main] INFO  org.testng.internal.Utils - [Utils] MethodGroupsHelper.sortMethods() took 0 ms.
16:57:44.328 [main] INFO  org.testng.internal.Utils - [Utils] MethodGroupsHelper.collectMethodsByGroup() took 0 ms.
16:57:44.328 [main] INFO  org.testng.internal.Utils - [Utils] MethodGroupsHelper.sortMethods() took 0 ms.
16:57:44.330 [main] INFO  org.testng.internal.Utils - [Utils] MethodGroupsHelper.collectMethodsByGroup() took 0 ms.
16:57:44.330 [main] INFO  org.testng.internal.Utils - [Utils] MethodGroupsHelper.sortMethods() took 0 ms.
16:57:44.330 [main] INFO  org.testng.internal.Utils - [Utils] MethodGroupsHelper.collectMethodsByGroup() took 0 ms.
16:57:44.330 [main] INFO  org.testng.internal.Utils - [Utils] MethodGroupsHelper.sortMethods() took 0 ms.
16:57:44.333 [main] INFO  org.testng.internal.Utils - [Utils] MethodGroupsHelper.collectMethodsByGroup() took 0 ms.
16:57:44.334 [main] INFO  org.testng.internal.Utils - [Utils] MethodGroupsHelper.sortMethods() took 0 ms.
16:57:44.334 [main] INFO  org.testng.internal.Utils - [Utils] MethodGroupsHelper.collectMethodsByGroup() took 0 ms.
16:57:44.334 [main] INFO  org.testng.internal.Utils - [Utils] MethodGroupsHelper.sortMethods() took 0 ms.
16:57:44.335 [main] INFO  org.testng.internal.Utils - [Utils] MethodGroupsHelper.collectMethodsByGroup() took 0 ms.
16:57:44.335 [main] INFO  org.testng.internal.Utils - [Utils] MethodGroupsHelper.sortMethods() took 0 ms.
16:57:44.338 [main] INFO  org.testng.internal.Utils - [Utils] MethodGroupsHelper.collectMethodsByGroup() took 0 ms.
16:57:44.338 [main] INFO  org.testng.internal.Utils - [Utils] MethodGroupsHelper.sortMethods() took 0 ms.
16:57:44.338 [main] INFO  org.testng.internal.Utils - [Utils] MethodGroupsHelper.collectMethodsByGroup() took 0 ms.
16:57:44.338 [main] INFO  org.testng.internal.Utils - [Utils] MethodGroupsHelper.sortMethods() took 0 ms.
16:57:44.347 [main] INFO  org.testng.internal.Utils - [TestNG] Running:
  C:\Users\Avinash Tiwari\AppData\Local\Temp\testng-eclipse-452651802\testng-customsuite.xml

16:57:44.371 [main] INFO  org.testng.internal.Utils - [Utils] DynamicGraphHelper.createDynamicGraph() took 5 ms.
16:57:44.705 [main] INFO  org.testng.internal.Utils - [TestNG] Time taken by org.testng.reporters.jq.Main@5c18016b: 147 ms
16:57:44.748 [main] INFO  org.testng.internal.Utils - [TestNG] Time taken by org.testng.reporters.FailedReporter@40f70521: 42 ms
16:57:44.769 [main] INFO  org.testng.internal.Utils - [TestNG] Time taken by org.testng.reporters.XMLReporter@655f7ea: 20 ms
16:57:44.787 [main] INFO  org.testng.internal.Utils - [TestNG] Time taken by org.testng.reporters.EmailableReporter2@3e10dc6: 17 ms
16:57:44.808 [main] INFO  org.testng.internal.Utils - [TestNG] Time taken by org.testng.reporters.JUnitReportReporter@1021f6c9: 19 ms
16:57:44.808 [main] INFO  org.testng.internal.Utils - [TestNG] Time taken by org.testng.internal.ExitCodeListener@7516e4e5: 0 ms
16:57:59.647 [main] INFO  org.testng.internal.Utils - [Utils] MethodGroupsHelper.collectMethodsByGroup() took 2 ms.
16:57:59.655 [main] INFO  org.testng.internal.Utils - [Utils] MethodGroupsHelper.sortMethods() took 1 ms.
16:57:59.659 [main] INFO  org.testng.internal.Utils - [Utils] MethodGroupsHelper.collectMethodsByGroup() took 0 ms.
16:57:59.659 [main] INFO  org.testng.internal.Utils - [Utils] MethodGroupsHelper.sortMethods() took 0 ms.
16:57:59.661 [main] INFO  org.testng.internal.Utils - [Utils] MethodGroupsHelper.collectMethodsByGroup() took 0 ms.
16:57:59.661 [main] INFO  org.testng.internal.Utils - [Utils] MethodGroupsHelper.sortMethods() took 0 ms.
16:57:59.662 [main] INFO  org.testng.internal.Utils - [Utils] MethodGroupsHelper.collectMethodsByGroup() took 0 ms.
16:57:59.662 [main] INFO  org.testng.internal.Utils - [Utils] MethodGroupsHelper.sortMethods() took 0 ms.
16:57:59.670 [main] INFO  org.testng.internal.Utils - [Utils] MethodGroupsHelper.collectMethodsByGroup() took 5 ms.
16:57:59.685 [main] INFO  org.testng.internal.Utils - [Utils] MethodGroupsHelper.sortMethods() took 14 ms.
16:57:59.687 [main] INFO  org.testng.internal.Utils - [Utils] MethodGroupsHelper.collectMethodsByGroup() took 1 ms.
16:57:59.687 [main] INFO  org.testng.internal.Utils - [Utils] MethodGroupsHelper.sortMethods() took 0 ms.
16:57:59.688 [main] INFO  org.testng.internal.Utils - [Utils] MethodGroupsHelper.collectMethodsByGroup() took 0 ms.
16:57:59.688 [main] INFO  org.testng.internal.Utils - [Utils] MethodGroupsHelper.sortMethods() took 0 ms.
16:57:59.689 [main] INFO  org.testng.internal.Utils - [Utils] MethodGroupsHelper.collectMethodsByGroup() took 0 ms.
16:57:59.689 [main] INFO  org.testng.internal.Utils - [Utils] MethodGroupsHelper.sortMethods() took 0 ms.
16:57:59.692 [main] INFO  org.testng.internal.Utils - [Utils] MethodGroupsHelper.collectMethodsByGroup() took 0 ms.
16:57:59.692 [main] INFO  org.testng.internal.Utils - [Utils] MethodGroupsHelper.sortMethods() took 0 ms.
16:57:59.695 [main] INFO  org.testng.internal.Utils - [Utils] MethodGroupsHelper.collectMethodsByGroup() took 0 ms.
16:57:59.695 [main] INFO  org.testng.internal.Utils - [Utils] MethodGroupsHelper.sortMethods() took 0 ms.
16:57:59.700 [main] INFO  org.testng.internal.Utils - [Utils] MethodGroupsHelper.collectMethodsByGroup() took 0 ms.
16:57:59.700 [main] INFO  org.testng.internal.Utils - [Utils] MethodGroupsHelper.sortMethods() took 0 ms.
16:57:59.700 [main] INFO  org.testng.internal.Utils - [Utils] MethodGroupsHelper.collectMethodsByGroup() took 0 ms.
16:57:59.700 [main] INFO  org.testng.internal.Utils - [Utils] MethodGroupsHelper.sortMethods() took 0 ms.
16:57:59.703 [main] INFO  org.testng.internal.Utils - [Utils] MethodGroupsHelper.collectMethodsByGroup() took 1 ms.
16:57:59.704 [main] INFO  org.testng.internal.Utils - [Utils] MethodGroupsHelper.sortMethods() took 0 ms.
16:57:59.708 [main] INFO  org.testng.internal.Utils - [Utils] MethodGroupsHelper.collectMethodsByGroup() took 0 ms.
16:57:59.713 [main] INFO  org.testng.internal.Utils - [Utils] MethodGroupsHelper.sortMethods() took 2 ms.
16:57:59.715 [main] INFO  org.testng.internal.Utils - [Utils] MethodGroupsHelper.collectMethodsByGroup() took 0 ms.
16:57:59.716 [main] INFO  org.testng.internal.Utils - [Utils] MethodGroupsHelper.sortMethods() took 0 ms.
16:57:59.728 [main] INFO  org.testng.internal.Utils - [TestNG] Running:
  C:\Users\Avinash Tiwari\AppData\Local\Temp\testng-eclipse-820269247\testng-customsuite.xml

16:57:59.765 [main] INFO  org.testng.internal.Utils - [Utils] DynamicGraphHelper.createDynamicGraph() took 13 ms.
16:58:00.273 [main] INFO  org.testng.internal.Utils - [TestNG] Time taken by org.testng.reporters.jq.Main@5c18016b: 273 ms
16:58:00.316 [main] INFO  org.testng.internal.Utils - [TestNG] Time taken by org.testng.reporters.FailedReporter@40f70521: 40 ms
16:58:00.353 [main] INFO  org.testng.internal.Utils - [TestNG] Time taken by org.testng.reporters.XMLReporter@655f7ea: 36 ms
16:58:00.377 [main] INFO  org.testng.internal.Utils - [TestNG] Time taken by org.testng.reporters.EmailableReporter2@3e10dc6: 24 ms
16:58:00.391 [main] INFO  org.testng.internal.Utils - [TestNG] Time taken by org.testng.reporters.JUnitReportReporter@1021f6c9: 13 ms
16:58:00.392 [main] INFO  org.testng.internal.Utils - [TestNG] Time taken by org.testng.internal.ExitCodeListener@7516e4e5: 0 ms
17:08:00.857 [main] INFO  org.testng.internal.Utils - [TestNG] Running:
  C:\Users\Avinash Tiwari\Documents\Automation\OpenCart\master.xml

17:08:07.091 [main] INFO  testCases.TC002_LoginTest - ***** Starting TC002_LoginTest *****
17:09:55.273 [main] INFO  org.testng.internal.Utils - [TestNG] Running:
  C:\Users\Avinash Tiwari\Documents\Automation\OpenCart\master.xml

17:09:59.065 [main] INFO  testCases.TC002_LoginTest - ***** Starting TC002_LoginTest *****
17:11:09.054 [main] INFO  org.testng.internal.Utils - [TestNG] Running:
  C:\Users\Avinash Tiwari\Documents\Automation\OpenCart\master.xml

17:11:12.509 [main] INFO  testCases.TC002_LoginTest - ***** Starting TC002_LoginTest *****
17:11:55.076 [main] INFO  org.testng.internal.Utils - [TestNG] Running:
  C:\Users\Avinash Tiwari\Documents\Automation\OpenCart\master.xml

17:11:58.956 [main] INFO  testCases.TC002_LoginTest - ***** Starting TC002_LoginTest *****
17:22:22.620 [main] INFO  org.testng.internal.Utils - [TestNG] Running:
  C:\Users\Avinash Tiwari\Documents\Automation\OpenCart\master.xml

17:22:27.126 [main] INFO  testCases.TC002_LoginTest - ***** Starting TC002_LoginTest *****
17:22:27.278 [main] INFO  testCases.TC002_LoginTest - ***** Clicked My Account Link *****
17:22:27.574 [main] INFO  testCases.TC002_LoginTest - ***** Clicked Register Link *****
17:22:27.990 [main] ERROR testCases.TC002_LoginTest - Test Failed...
17:24:59.951 [main] INFO  org.testng.internal.Utils - [TestNG] Running:
  C:\Users\Avinash Tiwari\Documents\Automation\OpenCart\master.xml

17:25:05.406 [main] INFO  testCases.TC002_LoginTest - ***** Starting TC002_LoginTest *****
17:25:05.590 [main] INFO  testCases.TC002_LoginTest - ***** Clicked My Account Link *****
17:25:06.279 [main] INFO  testCases.TC002_LoginTest - ***** Clicked Register Link *****
17:25:06.517 [main] ERROR testCases.TC002_LoginTest - Test Failed...
17:26:35.248 [main] INFO  org.testng.internal.Utils - [TestNG] Running:
  C:\Users\Avinash Tiwari\Documents\Automation\OpenCart\master.xml

17:26:39.310 [main] INFO  testCases.TC002_LoginTest - ***** Starting TC002_LoginTest *****
17:26:39.451 [main] INFO  testCases.TC002_LoginTest - ***** Clicked My Account Link *****
17:26:39.761 [main] INFO  testCases.TC002_LoginTest - ***** Clicked Register Link *****
17:26:40.501 [main] ERROR testCases.TC002_LoginTest - Test Failed...
17:28:03.790 [main] INFO  org.testng.internal.Utils - [TestNG] Running:
  C:\Users\Avinash Tiwari\Documents\Automation\OpenCart\master.xml

17:28:07.481 [main] INFO  testCases.TC002_LoginTest - ***** Starting TC002_LoginTest *****
17:28:07.617 [main] INFO  testCases.TC002_LoginTest - ***** Clicked My Account Link *****
17:28:07.934 [main] INFO  testCases.TC002_LoginTest - ***** Clicked Register Link *****
17:28:08.325 [main] ERROR testCases.TC002_LoginTest - Test Failed...
17:28:08.325 [main] INFO  testCases.TC002_LoginTest - ***** Fnished TC002_LoginTest *****
17:30:15.443 [main] INFO  org.testng.internal.Utils - [TestNG] Running:
  C:\Users\Avinash Tiwari\Documents\Automation\OpenCart\master.xml

17:30:19.817 [main] INFO  testCases.TC002_LoginTest - ***** Starting TC002_LoginTest *****
17:30:19.993 [main] INFO  testCases.TC002_LoginTest - ***** Clicked My Account Link *****
17:30:20.404 [main] INFO  testCases.TC002_LoginTest - ***** Clicked Register Link *****
17:30:20.624 [main] ERROR testCases.TC002_LoginTest - Test Failed...
17:48:43.200 [main] INFO  org.testng.internal.Utils - [TestNG] Running:
  C:\Users\Avinash Tiwari\Documents\Automation\OpenCart\master.xml

17:48:49.268 [main] INFO  testCases.TC002_LoginTest - ***** Starting TC002_LoginTest *****
17:48:49.440 [main] INFO  testCases.TC002_LoginTest - ***** Clicked My Account Link *****
17:48:49.826 [main] INFO  testCases.TC002_LoginTest - ***** Clicked Register Link *****
17:48:50.846 [main] ERROR testCases.TC002_LoginTest - Test Failed...
17:51:43.306 [main] INFO  org.testng.internal.Utils - [TestNG] Running:
  C:\Users\Avinash Tiwari\Documents\Automation\OpenCart\master.xml

17:51:47.311 [main] INFO  testCases.TC002_LoginTest - ***** Starting TC002_LoginTest *****
17:51:47.459 [main] INFO  testCases.TC002_LoginTest - ***** Clicked My Account Link *****
17:51:47.776 [main] INFO  testCases.TC002_LoginTest - ***** Clicked Register Link *****
17:53:02.734 [main] INFO  org.testng.internal.Utils - [TestNG] Running:
  C:\Users\Avinash Tiwari\Documents\Automation\OpenCart\master.xml

17:53:06.582 [main] INFO  testCases.TC002_LoginTest - ***** Starting TC002_LoginTest *****
17:53:06.756 [main] INFO  testCases.TC002_LoginTest - ***** Clicked My Account Link *****
17:53:07.071 [main] INFO  testCases.TC002_LoginTest - ***** Clicked Register Link *****
17:53:08.454 [main] INFO  testCases.TC002_LoginTest - ***** Fnished TC002_LoginTest *****
17:53:28.820 [main] INFO  org.testng.internal.Utils - [TestNG] Running:
  C:\Users\Avinash Tiwari\Documents\Automation\OpenCart\master.xml

17:53:33.375 [main] INFO  testCases.TC002_LoginTest - ***** Starting TC002_LoginTest *****
17:53:33.563 [main] INFO  testCases.TC002_LoginTest - ***** Clicked My Account Link *****
17:53:33.934 [main] INFO  testCases.TC002_LoginTest - ***** Clicked Register Link *****
17:53:36.834 [main] INFO  testCases.TC002_LoginTest - ***** Fnished TC002_LoginTest *****
20:48:45.850 [main] INFO  org.testng.internal.Utils - [TestNG] Running:
  C:\Users\Avinash Tiwari\Documents\Automation\OpenCart\master.xml

20:48:56.194 [main] INFO  testCases.TC003_LoginTestDDT - ***** Starting TC003_loginTestDDT *****
20:48:56.449 [main] INFO  testCases.TC003_LoginTestDDT - ***** Clicked My Account Link *****
20:48:56.890 [main] INFO  testCases.TC003_LoginTestDDT - ***** Clicked Register Link *****
20:48:58.621 [main] INFO  testCases.TC003_LoginTestDDT - ***** Starting TC003_loginTestDDT *****
20:48:58.641 [main] INFO  testCases.TC003_LoginTestDDT - ***** Starting TC003_loginTestDDT *****
20:48:58.787 [main] INFO  testCases.TC003_LoginTestDDT - ***** Clicked My Account Link *****
20:48:59.225 [main] INFO  testCases.TC003_LoginTestDDT - ***** Clicked Register Link *****
20:49:20.733 [main] INFO  testCases.TC003_LoginTestDDT - ***** Starting TC003_loginTestDDT *****
20:49:20.845 [main] INFO  testCases.TC003_LoginTestDDT - ***** Clicked My Account Link *****
20:49:21.258 [main] INFO  testCases.TC003_LoginTestDDT - ***** Clicked Register Link *****
20:49:41.667 [main] INFO  testCases.TC003_LoginTestDDT - ***** Starting TC003_loginTestDDT *****
20:49:41.756 [main] INFO  testCases.TC003_LoginTestDDT - ***** Clicked My Account Link *****
20:49:42.138 [main] INFO  testCases.TC003_LoginTestDDT - ***** Clicked Register Link *****
20:49:43.626 [main] INFO  testCases.TC003_LoginTestDDT - ***** Starting TC003_loginTestDDT *****
20:49:43.633 [main] INFO  testCases.TC003_LoginTestDDT - ***** Starting TC003_loginTestDDT *****
20:49:43.737 [main] INFO  testCases.TC003_LoginTestDDT - ***** Clicked My Account Link *****
20:49:44.015 [main] INFO  testCases.TC003_LoginTestDDT - ***** Clicked Register Link *****
20:52:48.565 [main] INFO  org.testng.internal.Utils - [TestNG] Running:
  C:\Users\Avinash Tiwari\Documents\Automation\OpenCart\master.xml

20:52:59.396 [main] INFO  testCases.TC003_LoginTestDDT - ***** Starting TC003_loginTestDDT *****
20:52:59.747 [main] INFO  testCases.TC003_LoginTestDDT - ***** Clicked My Account Link *****
20:53:00.237 [main] INFO  testCases.TC003_LoginTestDDT - ***** Clicked Register Link *****
20:53:03.483 [main] INFO  testCases.TC003_LoginTestDDT - ***** Starting TC003_loginTestDDT *****
20:53:03.507 [main] INFO  testCases.TC003_LoginTestDDT - ***** Starting TC003_loginTestDDT *****
20:53:03.745 [main] INFO  testCases.TC003_LoginTestDDT - ***** Clicked My Account Link *****
20:53:04.124 [main] INFO  testCases.TC003_LoginTestDDT - ***** Clicked Register Link *****
20:53:25.234 [main] INFO  testCases.TC003_LoginTestDDT - ***** Starting TC003_loginTestDDT *****
20:53:25.402 [main] INFO  testCases.TC003_LoginTestDDT - ***** Clicked My Account Link *****
20:53:25.833 [main] INFO  testCases.TC003_LoginTestDDT - ***** Clicked Register Link *****
20:53:47.112 [main] INFO  testCases.TC003_LoginTestDDT - ***** Starting TC003_loginTestDDT *****
20:53:47.273 [main] INFO  testCases.TC003_LoginTestDDT - ***** Clicked My Account Link *****
20:53:47.709 [main] INFO  testCases.TC003_LoginTestDDT - ***** Clicked Register Link *****
20:53:49.505 [main] INFO  testCases.TC003_LoginTestDDT - ***** Starting TC003_loginTestDDT *****
20:53:49.536 [main] INFO  testCases.TC003_LoginTestDDT - ***** Starting TC003_loginTestDDT *****
20:53:49.666 [main] INFO  testCases.TC003_LoginTestDDT - ***** Clicked My Account Link *****
20:53:50.006 [main] INFO  testCases.TC003_LoginTestDDT - ***** Clicked Register Link *****
20:56:20.506 [main] INFO  org.testng.internal.Utils - [TestNG] Running:
  C:\Users\Avinash Tiwari\Documents\Automation\OpenCart\master.xml

20:56:30.732 [main] INFO  testCases.TC003_LoginTestDDT - ***** Starting TC003_loginTestDDT *****
20:56:31.003 [main] INFO  testCases.TC003_LoginTestDDT - ***** Clicked My Account Link *****
20:56:31.536 [main] INFO  testCases.TC003_LoginTestDDT - ***** Clicked Register Link *****
20:56:33.548 [main] INFO  testCases.TC003_LoginTestDDT - ***** Starting TC003_loginTestDDT *****
20:56:33.563 [main] INFO  testCases.TC003_LoginTestDDT - ***** Starting TC003_loginTestDDT *****
20:56:33.753 [main] INFO  testCases.TC003_LoginTestDDT - ***** Clicked My Account Link *****
20:56:34.115 [main] INFO  testCases.TC003_LoginTestDDT - ***** Clicked Register Link *****
20:56:55.340 [main] INFO  testCases.TC003_LoginTestDDT - ***** Starting TC003_loginTestDDT *****
20:56:55.492 [main] INFO  testCases.TC003_LoginTestDDT - ***** Clicked My Account Link *****
20:56:55.938 [main] INFO  testCases.TC003_LoginTestDDT - ***** Clicked Register Link *****
20:57:16.388 [main] INFO  testCases.TC003_LoginTestDDT - ***** Starting TC003_loginTestDDT *****
20:57:16.485 [main] INFO  testCases.TC003_LoginTestDDT - ***** Clicked My Account Link *****
20:57:16.958 [main] INFO  testCases.TC003_LoginTestDDT - ***** Clicked Register Link *****
20:57:18.723 [main] INFO  testCases.TC003_LoginTestDDT - ***** Starting TC003_loginTestDDT *****
20:57:18.729 [main] INFO  testCases.TC003_LoginTestDDT - ***** Starting TC003_loginTestDDT *****
20:57:18.878 [main] INFO  testCases.TC003_LoginTestDDT - ***** Clicked My Account Link *****
20:57:19.522 [main] INFO  testCases.TC003_LoginTestDDT - ***** Clicked Register Link *****
21:00:13.282 [main] INFO  org.testng.internal.Utils - [TestNG] Running:
  C:\Users\Avinash Tiwari\Documents\Automation\OpenCart\master.xml

21:00:22.774 [main] INFO  testCases.TC003_LoginTestDDT - ***** Starting TC003_loginTestDDT *****
21:00:23.150 [main] INFO  testCases.TC003_LoginTestDDT - ***** Clicked My Account Link *****
21:00:23.610 [main] INFO  testCases.TC003_LoginTestDDT - ***** Clicked Register Link *****
21:00:26.493 [main] INFO  testCases.TC003_LoginTestDDT - ***** Starting TC003_loginTestDDT *****
21:00:26.512 [main] INFO  testCases.TC003_LoginTestDDT - ***** Starting TC003_loginTestDDT *****
21:00:26.681 [main] INFO  testCases.TC003_LoginTestDDT - ***** Clicked My Account Link *****
21:00:27.090 [main] INFO  testCases.TC003_LoginTestDDT - ***** Clicked Register Link *****
21:00:48.229 [main] INFO  testCases.TC003_LoginTestDDT - ***** Starting TC003_loginTestDDT *****
21:00:48.361 [main] INFO  testCases.TC003_LoginTestDDT - ***** Clicked My Account Link *****
21:00:48.772 [main] INFO  testCases.TC003_LoginTestDDT - ***** Clicked Register Link *****
21:01:09.902 [main] INFO  testCases.TC003_LoginTestDDT - ***** Starting TC003_loginTestDDT *****
21:01:10.017 [main] INFO  testCases.TC003_LoginTestDDT - ***** Clicked My Account Link *****
21:01:10.446 [main] INFO  testCases.TC003_LoginTestDDT - ***** Clicked Register Link *****
21:01:12.128 [main] INFO  testCases.TC003_LoginTestDDT - ***** Starting TC003_loginTestDDT *****
21:01:12.138 [main] INFO  testCases.TC003_LoginTestDDT - ***** Starting TC003_loginTestDDT *****
21:01:12.252 [main] INFO  testCases.TC003_LoginTestDDT - ***** Clicked My Account Link *****
21:01:12.545 [main] INFO  testCases.TC003_LoginTestDDT - ***** Clicked Register Link *****
21:02:49.272 [main] INFO  org.testng.internal.Utils - [TestNG] Running:
  C:\Users\Avinash Tiwari\Documents\Automation\OpenCart\master.xml

21:02:55.061 [main] INFO  testCases.TC003_LoginTestDDT - ***** Starting TC003_loginTestDDT *****
21:02:55.223 [main] INFO  testCases.TC003_LoginTestDDT - ***** Clicked My Account Link *****
21:02:55.614 [main] INFO  testCases.TC003_LoginTestDDT - ***** Clicked Register Link *****
21:02:57.675 [main] INFO  testCases.TC003_LoginTestDDT - ***** Starting TC003_loginTestDDT *****
21:02:57.693 [main] INFO  testCases.TC003_LoginTestDDT - ***** Starting TC003_loginTestDDT *****
21:02:57.865 [main] INFO  testCases.TC003_LoginTestDDT - ***** Clicked My Account Link *****
21:02:58.207 [main] INFO  testCases.TC003_LoginTestDDT - ***** Clicked Register Link *****
21:03:18.697 [main] ERROR testCases.TC003_LoginTestDDT - Test Failed...
21:03:18.702 [main] INFO  testCases.TC003_LoginTestDDT - ***** Starting TC003_loginTestDDT *****
21:03:18.712 [main] INFO  testCases.TC003_LoginTestDDT - ***** Starting TC003_loginTestDDT *****
21:03:18.812 [main] INFO  testCases.TC003_LoginTestDDT - ***** Clicked My Account Link *****
21:03:19.226 [main] INFO  testCases.TC003_LoginTestDDT - ***** Clicked Register Link *****
21:03:40.273 [main] ERROR testCases.TC003_LoginTestDDT - Test Failed...
21:03:40.278 [main] INFO  testCases.TC003_LoginTestDDT - ***** Starting TC003_loginTestDDT *****
21:03:40.293 [main] INFO  testCases.TC003_LoginTestDDT - ***** Starting TC003_loginTestDDT *****
21:03:40.441 [main] INFO  testCases.TC003_LoginTestDDT - ***** Clicked My Account Link *****
21:03:40.817 [main] INFO  testCases.TC003_LoginTestDDT - ***** Clicked Register Link *****
21:03:42.591 [main] INFO  testCases.TC003_LoginTestDDT - ***** Starting TC003_loginTestDDT *****
21:03:42.600 [main] INFO  testCases.TC003_LoginTestDDT - ***** Starting TC003_loginTestDDT *****
21:03:42.738 [main] INFO  testCases.TC003_LoginTestDDT - ***** Clicked My Account Link *****
21:03:43.109 [main] INFO  testCases.TC003_LoginTestDDT - ***** Clicked Register Link *****
21:04:04.099 [main] ERROR testCases.TC003_LoginTestDDT - Test Failed...
21:04:04.104 [main] INFO  testCases.TC003_LoginTestDDT - ***** Starting TC003_loginTestDDT *****
21:05:37.700 [main] INFO  org.testng.internal.Utils - [TestNG] Running:
  C:\Users\Avinash Tiwari\Documents\Automation\OpenCart\master.xml

21:05:46.334 [main] INFO  testCases.TC003_LoginTestDDT - ***** Starting TC003_loginTestDDT *****
21:05:46.562 [main] INFO  testCases.TC003_LoginTestDDT - ***** Clicked My Account Link *****
21:05:47.059 [main] INFO  testCases.TC003_LoginTestDDT - ***** Clicked Register Link *****
21:05:49.258 [main] INFO  testCases.TC003_LoginTestDDT - ***** Starting TC003_loginTestDDT *****
21:05:49.295 [main] INFO  testCases.TC003_LoginTestDDT - ***** Starting TC003_loginTestDDT *****
21:05:49.428 [main] INFO  testCases.TC003_LoginTestDDT - ***** Clicked My Account Link *****
21:05:49.828 [main] INFO  testCases.TC003_LoginTestDDT - ***** Clicked Register Link *****
21:05:51.799 [main] INFO  testCases.TC003_LoginTestDDT - ***** Starting TC003_loginTestDDT *****
21:05:51.939 [main] INFO  testCases.TC003_LoginTestDDT - ***** Clicked My Account Link *****
21:05:52.401 [main] INFO  testCases.TC003_LoginTestDDT - ***** Clicked Register Link *****
21:06:13.533 [main] ERROR testCases.TC003_LoginTestDDT - Test Failed...
21:06:13.545 [main] INFO  testCases.TC003_LoginTestDDT - ***** Starting TC003_loginTestDDT *****
21:06:13.560 [main] INFO  testCases.TC003_LoginTestDDT - ***** Starting TC003_loginTestDDT *****
21:06:13.715 [main] INFO  testCases.TC003_LoginTestDDT - ***** Clicked My Account Link *****
21:06:14.156 [main] INFO  testCases.TC003_LoginTestDDT - ***** Clicked Register Link *****
21:06:15.943 [main] INFO  testCases.TC003_LoginTestDDT - ***** Starting TC003_loginTestDDT *****
21:06:15.959 [main] INFO  testCases.TC003_LoginTestDDT - ***** Starting TC003_loginTestDDT *****
21:06:16.166 [main] INFO  testCases.TC003_LoginTestDDT - ***** Clicked My Account Link *****
21:06:16.562 [main] INFO  testCases.TC003_LoginTestDDT - ***** Clicked Register Link *****
21:06:37.159 [main] ERROR testCases.TC003_LoginTestDDT - Test Failed...
21:06:37.161 [main] INFO  testCases.TC003_LoginTestDDT - ***** Starting TC003_loginTestDDT *****
00:06:51.861 [main] INFO  org.testng.internal.Utils - [TestNG] Running:
  C:\Users\Avinash Tiwari\Documents\Automation\OpenCart\grouping.xml

00:07:02.244 [main] INFO  testCases.TC001_AccountRegistrationTest - ***** Starting TC001_AccountRegistrationTest *****
00:07:02.699 [main] INFO  testCases.TC001_AccountRegistrationTest - ***** Clicked My Account Link *****
00:07:03.387 [main] INFO  testCases.TC001_AccountRegistrationTest - ***** Clicked Register Link *****
00:07:04.790 [main] INFO  testCases.TC001_AccountRegistrationTest - ***** Entered User Info to Register *****
00:07:04.976 [main] INFO  testCases.TC001_AccountRegistrationTest - ***** Clicked Privacy Policy Chekbox *****
00:07:06.370 [main] INFO  testCases.TC001_AccountRegistrationTest - ***** Clicked Submit/Continue Button *****
00:07:06.535 [main] INFO  testCases.TC001_AccountRegistrationTest - ***** Verified Account Creation Message *****
00:07:06.536 [main] INFO  testCases.TC001_AccountRegistrationTest - ***** Finished TC001_AccountRegistrationTest *****
00:07:10.310 [main] INFO  testCases.TC002_LoginTest - ***** Starting TC002_LoginTest *****
00:07:10.478 [main] INFO  testCases.TC002_LoginTest - ***** Clicked My Account Link *****
00:07:10.877 [main] INFO  testCases.TC002_LoginTest - ***** Clicked Register Link *****
00:07:13.030 [main] INFO  testCases.TC002_LoginTest - ***** Fnished TC002_LoginTest *****
01:34:33.785 [main] INFO  org.testng.internal.Utils - [TestNG] Running:
  C:\Users\Avinash Tiwari\Documents\Automation\OpenCart\grouping.xml

01:34:48.263 [main] INFO  testCases.TC001_AccountRegistrationTest - ***** Starting TC001_AccountRegistrationTest *****
01:34:49.474 [main] INFO  testCases.TC001_AccountRegistrationTest - ***** Clicked My Account Link *****
01:34:50.263 [main] INFO  testCases.TC001_AccountRegistrationTest - ***** Clicked Register Link *****
01:34:53.362 [main] INFO  testCases.TC001_AccountRegistrationTest - ***** Entered User Info to Register *****
01:34:53.576 [main] INFO  testCases.TC001_AccountRegistrationTest - ***** Clicked Privacy Policy Chekbox *****
01:34:54.931 [main] INFO  testCases.TC001_AccountRegistrationTest - ***** Clicked Submit/Continue Button *****
